<?xml version="1.0" encoding="UTF-8"?>
<!-- Generated by org.testng.reporters.JUnitXMLReporter -->
<testsuite ignored="0" hostname="DESKTOP-NRCDBTD" failures="3" tests="3" name="Test" time="4.188" errors="0" timestamp="2023-09-20T15:00:16 IST">
  <testcase classname="testCases.loginTestCases" name="verifyValidLogin" time="2.046">
    <failure type="java.lang.NullPointerException" message="Cannot invoke &amp;quot;org.openqa.selenium.WebDriver.findElement(org.openqa.selenium.By)&amp;quot; because &amp;quot;this.driver&amp;quot; is null">
      <![CDATA[java.lang.NullPointerException: Cannot invoke "org.openqa.selenium.WebDriver.findElement(org.openqa.selenium.By)" because "this.driver" is null
at pageObjectModels.loginPageObjects.enterUsername(loginPageObjects.java:27)
at testCases.loginTestCases.verifyValidLogin(loginTestCases.java:22)
at java.base/java.util.ArrayList.forEach(ArrayList.java:1511)
... Removed 27 stack frames]]>
    </failure>
  </testcase> <!-- verifyValidLogin -->
  <testcase classname="testCases.loginTestCases" name="verifyInValidLogin" time="2.005">
    <failure type="java.lang.NullPointerException" message="Cannot invoke &amp;quot;org.openqa.selenium.WebDriver.findElement(org.openqa.selenium.By)&amp;quot; because &amp;quot;this.driver&amp;quot; is null">
      <![CDATA[java.lang.NullPointerException: Cannot invoke "org.openqa.selenium.WebDriver.findElement(org.openqa.selenium.By)" because "this.driver" is null
at pageObjectModels.loginPageObjects.enterUsername(loginPageObjects.java:27)
at testCases.loginTestCases.verifyInValidLogin(loginTestCases.java:53)
at java.base/java.util.ArrayList.forEach(ArrayList.java:1511)
... Removed 27 stack frames]]>
    </failure>
  </testcase> <!-- verifyInValidLogin -->
  <testcase classname="testCases.myInfoTestCases" name="fillPersonalDetails" time="0.005">
    <failure type="java.lang.NullPointerException" message="Cannot invoke &amp;quot;org.openqa.selenium.WebDriver.manage()&amp;quot; because &amp;quot;this.driver&amp;quot; is null">
      <![CDATA[java.lang.NullPointerException: Cannot invoke "org.openqa.selenium.WebDriver.manage()" because "this.driver" is null
at testCases.myInfoTestCases.fillPersonalDetails(myInfoTestCases.java:23)
at java.base/java.util.ArrayList.forEach(ArrayList.java:1511)
... Removed 27 stack frames]]>
    </failure>
  </testcase> <!-- fillPersonalDetails -->
</testsuite> <!-- Test -->
