<?xml version="1.0" encoding="UTF-8"?>
<testng-results ignored="0" total="2" passed="2" failed="0" skipped="0">
  <reporter-output>
  </reporter-output>
  <suite started-at="2023-09-21T21:49:46 IST" name="Suite" finished-at="2023-09-21T21:50:55 IST" duration-ms="68286">
    <groups>
    </groups>
    <test started-at="2023-09-21T21:49:46 IST" name="Test" finished-at="2023-09-21T21:50:55 IST" duration-ms="68286">
      <class name="testCases.myInfoTestCases">
        <test-method is-config="true" signature="urlLaunch()[pri:0, instance:testCases.myInfoTestCases@6b2ea799]" started-at="2023-09-21T21:50:04 IST" name="urlLaunch" finished-at="2023-09-21T21:50:15 IST" duration-ms="11143" status="PASS">
          <reporter-output>
          </reporter-output>
        </test-method> <!-- urlLaunch -->
        <test-method signature="fillPersonalDetails()[pri:0, instance:testCases.myInfoTestCases@6b2ea799]" started-at="2023-09-21T21:50:15 IST" name="fillPersonalDetails" finished-at="2023-09-21T21:50:55 IST" duration-ms="39221" status="PASS">
          <reporter-output>
          </reporter-output>
        </test-method> <!-- fillPersonalDetails -->
      </class> <!-- testCases.myInfoTestCases -->
      <class name="testCases.loginTestCases">
        <test-method is-config="true" signature="urlLaunch()[pri:0, instance:testCases.loginTestCases@2a65fe7c]" started-at="2023-09-21T21:49:46 IST" name="urlLaunch" finished-at="2023-09-21T21:50:00 IST" duration-ms="14010" status="PASS">
          <reporter-output>
          </reporter-output>
        </test-method> <!-- urlLaunch -->
        <test-method signature="verifyValidLogin()[pri:0, instance:testCases.loginTestCases@2a65fe7c]" started-at="2023-09-21T21:50:00 IST" name="verifyValidLogin" finished-at="2023-09-21T21:50:04 IST" duration-ms="3810" status="PASS">
          <reporter-output>
          </reporter-output>
        </test-method> <!-- verifyValidLogin -->
      </class> <!-- testCases.loginTestCases -->
    </test> <!-- Test -->
  </suite> <!-- Suite -->
</testng-results>
